# JRE version: Java(TM) SE Runtime Environment (8.0_321-b07) (build 1.8.0_321-b07)
# Java VM: Java HotSpot(TM) 64-Bit Server VM (25.321-b07 mixed mode windows-amd64 compressed oops)
Heap:
 PSYoungGen      total 52736K, used 7160K [0x0000000785900000, 0x0000000789380000, 0x00000007c0000000)
  eden space 45568K, 0% used [0x0000000785900000,0x0000000785900000,0x0000000788580000)
  from space 7168K, 99% used [0x0000000788c80000,0x000000078937e0a0,0x0000000789380000)
  to   space 7168K, 0% used [0x0000000788580000,0x0000000788580000,0x0000000788c80000)
 ParOldGen       total 55808K, used 13412K [0x0000000710a00000, 0x0000000714080000, 0x0000000785900000)
  object space 55808K, 24% used [0x0000000710a00000,0x00000007117191f0,0x0000000714080000)
 Metaspace       used 34973K, capacity 35212K, committed 35496K, reserved 1081344K
  class space    used 4213K, capacity 4300K, committed 4352K, reserved 1048576K
GC Heap History (10 events):
Event: 27.151 GC heap after
Heap after GC invocations=1 (full 0):
 PSYoungGen      total 52736K, used 7147K [0x0000000785900000, 0x0000000789380000, 0x00000007c0000000)
  eden space 45568K, 0% used [0x0000000785900000,0x0000000785900000,0x0000000788580000)
  from space 7168K, 99% used [0x0000000788580000,0x0000000788c7ac68,0x0000000788c80000)
  to   space 7168K, 0% used [0x0000000788c80000,0x0000000788c80000,0x0000000789380000)
 ParOldGen       total 120320K, used 1385K [0x0000000710a00000, 0x0000000717f80000, 0x0000000785900000)
  object space 120320K, 1% used [0x0000000710a00000,0x0000000710b5a418,0x0000000717f80000)
 Metaspace       used 20762K, capacity 20992K, committed 21296K, reserved 1069056K
  class space    used 2531K, capacity 2614K, committed 2688K, reserved 1048576K
}
Event: 27.151 GC heap before
{Heap before GC invocations=2 (full 1):
 PSYoungGen      total 52736K, used 7147K [0x0000000785900000, 0x0000000789380000, 0x00000007c0000000)
  eden space 45568K, 0% used [0x0000000785900000,0x0000000785900000,0x0000000788580000)
  from space 7168K, 99% used [0x0000000788580000,0x0000000788c7ac68,0x0000000788c80000)
  to   space 7168K, 0% used [0x0000000788c80000,0x0000000788c80000,0x0000000789380000)
 ParOldGen       total 120320K, used 1385K [0x0000000710a00000, 0x0000000717f80000, 0x0000000785900000)
  object space 120320K, 1% used [0x0000000710a00000,0x0000000710b5a418,0x0000000717f80000)
 Metaspace       used 20762K, capacity 20992K, committed 21296K, reserved 1069056K
  class space    used 2531K, capacity 2614K, committed 2688K, reserved 1048576K
Event: 27.186 GC heap after
Heap after GC invocations=2 (full 1):
 PSYoungGen      total 52736K, used 0K [0x0000000785900000, 0x0000000789380000, 0x00000007c0000000)
  eden space 45568K, 0% used [0x0000000785900000,0x0000000785900000,0x0000000788580000)
  from space 7168K, 0% used [0x0000000788580000,0x0000000788580000,0x0000000788c80000)
  to   space 7168K, 0% used [0x0000000788c80000,0x0000000788c80000,0x0000000789380000)
 ParOldGen       total 55808K, used 8347K [0x0000000710a00000, 0x0000000714080000, 0x0000000785900000)
  object space 55808K, 14% used [0x0000000710a00000,0x0000000711226da0,0x0000000714080000)
 Metaspace       used 20762K, capacity 20992K, committed 21296K, reserved 1069056K
  class space    used 2531K, capacity 2614K, committed 2688K, reserved 1048576K
}
Event: 27.843 GC heap before
{Heap before GC invocations=3 (full 1):
 PSYoungGen      total 52736K, used 45568K [0x0000000785900000, 0x0000000789380000, 0x00000007c0000000)
  eden space 45568K, 100% used [0x0000000785900000,0x0000000788580000,0x0000000788580000)
  from space 7168K, 0% used [0x0000000788580000,0x0000000788580000,0x0000000788c80000)
  to   space 7168K, 0% used [0x0000000788c80000,0x0000000788c80000,0x0000000789380000)
 ParOldGen       total 55808K, used 8347K [0x0000000710a00000, 0x0000000714080000, 0x0000000785900000)
  object space 55808K, 14% used [0x0000000710a00000,0x0000000711226da0,0x0000000714080000)
 Metaspace       used 25674K, capacity 25900K, committed 26112K, reserved 1073152K
  class space    used 3223K, capacity 3288K, committed 3328K, reserved 1048576K
Event: 27.850 GC heap after
Heap after GC invocations=3 (full 1):
 PSYoungGen      total 52736K, used 5524K [0x0000000785900000, 0x0000000789380000, 0x00000007c0000000)
  eden space 45568K, 0% used [0x0000000785900000,0x0000000785900000,0x0000000788580000)
  from space 7168K, 77% used [0x0000000788c80000,0x00000007891e5118,0x0000000789380000)
  to   space 7168K, 0% used [0x0000000788580000,0x0000000788580000,0x0000000788c80000)
 ParOldGen       total 55808K, used 8419K [0x0000000710a00000, 0x0000000714080000, 0x0000000785900000)
  object space 55808K, 15% used [0x0000000710a00000,0x0000000711238db0,0x0000000714080000)
 Metaspace       used 25674K, capacity 25900K, committed 26112K, reserved 1073152K
  class space    used 3223K, capacity 3288K, committed 3328K, reserved 1048576K
}
Event: 29.015 GC heap before
{Heap before GC invocations=4 (full 1):
 PSYoungGen      total 52736K, used 51036K [0x0000000785900000, 0x0000000789380000, 0x00000007c0000000)
  eden space 45568K, 99% used [0x0000000785900000,0x0000000788571fc0,0x0000000788580000)
  from space 7168K, 77% used [0x0000000788c80000,0x00000007891e5118,0x0000000789380000)
  to   space 7168K, 0% used [0x0000000788580000,0x0000000788580000,0x0000000788c80000)
 ParOldGen       total 55808K, used 8419K [0x0000000710a00000, 0x0000000714080000, 0x0000000785900000)
  object space 55808K, 15% used [0x0000000710a00000,0x0000000711238db0,0x0000000714080000)
 Metaspace       used 32010K, capacity 32288K, committed 32640K, reserved 1077248K
  class space    used 3874K, capacity 3965K, committed 3968K, reserved 1048576K
Event: 29.023 GC heap after
Heap after GC invocations=4 (full 1):
 PSYoungGen      total 52736K, used 7157K [0x0000000785900000, 0x0000000789380000, 0x00000007c0000000)
  eden space 45568K, 0% used [0x0000000785900000,0x0000000785900000,0x0000000788580000)
  from space 7168K, 99% used [0x0000000788580000,0x0000000788c7d498,0x0000000788c80000)
  to   space 7168K, 0% used [0x0000000788c80000,0x0000000788c80000,0x0000000789380000)
 ParOldGen       total 55808K, used 11519K [0x0000000710a00000, 0x0000000714080000, 0x0000000785900000)
  object space 55808K, 20% used [0x0000000710a00000,0x000000071153fd38,0x0000000714080000)
 Metaspace       used 32010K, capacity 32288K, committed 32640K, reserved 1077248K
  class space    used 3874K, capacity 3965K, committed 3968K, reserved 1048576K
}
Event: 30.043 GC heap before
{Heap before GC invocations=5 (full 1):
 PSYoungGen      total 52736K, used 23934K [0x0000000785900000, 0x0000000789380000, 0x00000007c0000000)
  eden space 45568K, 36% used [0x0000000785900000,0x00000007869625b8,0x0000000788580000)
  from space 7168K, 99% used [0x0000000788580000,0x0000000788c7d498,0x0000000788c80000)
  to   space 7168K, 0% used [0x0000000788c80000,0x0000000788c80000,0x0000000789380000)
 ParOldGen       total 55808K, used 11519K [0x0000000710a00000, 0x0000000714080000, 0x0000000785900000)
  object space 55808K, 20% used [0x0000000710a00000,0x000000071153fd38,0x0000000714080000)
 Metaspace       used 34973K, capacity 35212K, committed 35496K, reserved 1081344K
  class space    used 4213K, capacity 4300K, committed 4352K, reserved 1048576K
Event: 30.052 GC heap after
Heap after GC invocations=5 (full 1):
 PSYoungGen      total 52736K, used 7160K [0x0000000785900000, 0x0000000789380000, 0x00000007c0000000)
  eden space 45568K, 0% used [0x0000000785900000,0x0000000785900000,0x0000000788580000)
  from space 7168K, 99% used [0x0000000788c80000,0x000000078937e0a0,0x0000000789380000)
  to   space 7168K, 0% used [0x0000000788580000,0x0000000788580000,0x0000000788c80000)
 ParOldGen       total 55808K, used 13412K [0x0000000710a00000, 0x0000000714080000, 0x0000000785900000)
  object space 55808K, 24% used [0x0000000710a00000,0x00000007117191f0,0x0000000714080000)
 Metaspace       used 34973K, capacity 35212K, committed 35496K, reserved 1081344K
  class space    used 4213K, capacity 4300K, committed 4352K, reserved 1048576K
}
Event: 30.052 GC heap before
{Heap before GC invocations=6 (full 2):
 PSYoungGen      total 52736K, used 7160K [0x0000000785900000, 0x0000000789380000, 0x00000007c0000000)
  eden space 45568K, 0% used [0x0000000785900000,0x0000000785900000,0x0000000788580000)
  from space 7168K, 99% used [0x0000000788c80000,0x000000078937e0a0,0x0000000789380000)
  to   space 7168K, 0% used [0x0000000788580000,0x0000000788580000,0x0000000788c80000)
 ParOldGen       total 55808K, used 13412K [0x0000000710a00000, 0x0000000714080000, 0x0000000785900000)
  object space 55808K, 24% used [0x0000000710a00000,0x00000007117191f0,0x0000000714080000)
 Metaspace       used 34973K, capacity 35212K, committed 35496K, reserved 1081344K
  class space    used 4213K, capacity 4300K, committed 4352K, reserved 1048576K

